Started GET "/" for ::1 at 2020-09-01 22:18:20 -0400

ActiveRecord::NoDatabaseError - FATAL:  database "uwuTube_development" does not exist
:

Started POST "/__better_errors/95042c15389e2ea1/variables" for ::1 at 2020-09-01 22:18:20 -0400
  [1m[35m (331.0ms)[0m  [1m[35mCREATE DATABASE "uwuTube_development" ENCODING = 'unicode'[0m
  ↳ bin/rails:4
  [1m[35m (127.8ms)[0m  [1m[35mCREATE DATABASE "uwuTube_test" ENCODING = 'unicode'[0m
  ↳ bin/rails:4
Started GET "/" for ::1 at 2020-09-01 22:19:09 -0400
Processing by StaticPagesController#root as HTML
  Rendering static_pages/root.html.erb within layouts/application
  Rendered static_pages/root.html.erb within layouts/application (0.9ms)
Completed 200 OK in 1196ms (Views: 1193.6ms | ActiveRecord: 0.0ms)


Started GET "/" for ::1 at 2020-09-01 22:21:15 -0400
Processing by StaticPagesController#root as HTML
  Rendering static_pages/root.html.erb within layouts/application
  Rendered static_pages/root.html.erb within layouts/application (1.2ms)
Completed 200 OK in 970ms (Views: 967.7ms | ActiveRecord: 0.0ms)


Started GET "/" for ::1 at 2020-09-01 22:22:24 -0400
Processing by StaticPagesController#root as HTML
  Rendering static_pages/root.html.erb within layouts/application
  Rendered static_pages/root.html.erb within layouts/application (0.3ms)
Completed 200 OK in 27ms (Views: 24.6ms | ActiveRecord: 0.0ms)


Started GET "/" for ::1 at 2020-09-01 22:23:34 -0400
Processing by StaticPagesController#root as HTML
  Rendering static_pages/root.html.erb within layouts/application
  Rendered static_pages/root.html.erb within layouts/application (0.2ms)
Completed 200 OK in 20ms (Views: 16.6ms | ActiveRecord: 0.0ms)


Started GET "/" for ::1 at 2020-09-02 10:46:03 -0400

ActiveRecord::PendingMigrationError - Migrations are pending. To resolve this issue, run:

        bin/rails db:migrate RAILS_ENV=development

:

Started POST "/__better_errors/c54c2699d327c49c/variables" for ::1 at 2020-09-02 10:46:04 -0400
  [1m[35m (1.1ms)[0m  [1m[35mCREATE DATABASE "uwuTube_development" ENCODING = 'unicode'[0m
  ↳ bin/rails:4
  [1m[35m (3.0ms)[0m  [1m[35mCREATE DATABASE "uwuTube_test" ENCODING = 'unicode'[0m
  ↳ bin/rails:4
  [1m[36mUser Load (1.7ms)[0m  [1m[34mSELECT "users".* FROM "users"[0m
  [1m[36mUser Load (1.0ms)[0m  [1m[34mSELECT "users".* FROM "users"[0m
  [1m[35m (0.3ms)[0m  [1m[35mBEGIN[0m
  [1m[36mUser Exists (1.2ms)[0m  [1m[34mSELECT  1 AS one FROM "users" WHERE "users"."email" = $1 LIMIT $2[0m  [["email", "Fish@fish.com"], ["LIMIT", 1]]
  [1m[36mUser Exists (25.0ms)[0m  [1m[34mSELECT  1 AS one FROM "users" WHERE "users"."session_token" IS NULL LIMIT $1[0m  [["LIMIT", 1]]
  [1m[35m (0.3ms)[0m  [1m[31mROLLBACK[0m
  [1m[36mUser Load (0.4ms)[0m  [1m[34mSELECT "users".* FROM "users"[0m
  [1m[35m (0.2ms)[0m  [1m[35mBEGIN[0m
  [1m[36mUser Exists (0.4ms)[0m  [1m[34mSELECT  1 AS one FROM "users" WHERE "users"."email" = $1 LIMIT $2[0m  [["email", "Fish@fish.com"], ["LIMIT", 1]]
  [1m[36mUser Exists (0.4ms)[0m  [1m[34mSELECT  1 AS one FROM "users" WHERE "users"."session_token" IS NULL LIMIT $1[0m  [["LIMIT", 1]]
  [1m[35m (0.2ms)[0m  [1m[31mROLLBACK[0m
  [1m[36mUser Load (0.9ms)[0m  [1m[34mSELECT "users".* FROM "users"[0m
  [1m[36mUser Load (0.4ms)[0m  [1m[34mSELECT  "users".* FROM "users" WHERE "users"."session_token" = $1 LIMIT $2[0m  [["session_token", "vZ_wtNXtD_MvdVHbekKmEg"], ["LIMIT", 1]]
  [1m[35m (0.2ms)[0m  [1m[35mBEGIN[0m
  [1m[36mUser Exists (3.8ms)[0m  [1m[34mSELECT  1 AS one FROM "users" WHERE "users"."email" = $1 LIMIT $2[0m  [["email", "Fish@fish.com"], ["LIMIT", 1]]
  [1m[36mUser Exists (0.5ms)[0m  [1m[34mSELECT  1 AS one FROM "users" WHERE "users"."session_token" = $1 LIMIT $2[0m  [["session_token", "vZ_wtNXtD_MvdVHbekKmEg"], ["LIMIT", 1]]
  [1m[36mUser Create (122.5ms)[0m  [1m[32mINSERT INTO "users" ("fname", "lname", "email", "password_digest", "session_token", "created_at", "updated_at") VALUES ($1, $2, $3, $4, $5, $6, $7) RETURNING "id"[0m  [["fname", "Fish"], ["lname", "Fish"], ["email", "Fish@fish.com"], ["password_digest", "$2a$12$4GpXg1oh7zhB2gmL1poCwulY7UZXQVQ8uVhHKIaPeOgJZC8i6yw/O"], ["session_token", "vZ_wtNXtD_MvdVHbekKmEg"], ["created_at", "2020-09-02 17:45:18.435113"], ["updated_at", "2020-09-02 17:45:18.435113"]]
  [1m[35m (0.4ms)[0m  [1m[35mCOMMIT[0m
  [1m[36mUser Load (1.9ms)[0m  [1m[34mSELECT "users".* FROM "users"[0m
